<?xml version="1.0" encoding="UTF-8"?>
<!-- Generated by org.testng.reporters.JUnitReportReporter -->
<testsuite skipped="0" hostname="DESKTOP-L89EL3Q" name="testmaven.NewTestNG" tests="1" failures="0" timestamp="22 Mar 2021 15:21:41 GMT" time="1.005" errors="0">
  <testcase name="verifyHomepageTitle" time="1.005" classname="testmaven.NewTestNG"/>
</testsuite> <!-- testmaven.NewTestNG -->
