<?xml version="1.0" encoding="UTF-8"?>
<!-- Generated by org.testng.reporters.JUnitReportReporter -->
<testsuite skipped="0" hostname="DESKTOP-L89EL3Q" name="testscripts.GmailLogin" tests="1" failures="0" timestamp="05 Jan 2020 07:36:11 GMT" time="1.721" errors="0">
  <testcase name="testActions" time="1.721" classname="testscripts.GmailLogin"/>
</testsuite> <!-- testscripts.GmailLogin -->
