<?xml version="1.0" encoding="UTF-8"?>
<!-- Generated by org.testng.reporters.JUnitReportReporter -->
<testsuite skipped="0" hostname="DESKTOP-L89EL3Q" name="testmaven.NewTestNG" tests="1" failures="0" timestamp="15 Dec 2019 23:28:35 GMT" time="2.648" errors="0">
  <testcase name="verifyHomepageTitle" time="2.648" classname="testmaven.NewTestNG"/>
</testsuite> <!-- testmaven.NewTestNG -->
